{
    "WITH_INDEX": {
        "post": {
            "Async Capable": false,
            "Node Type": "Limit",
            "Parallel Aware": false,
            "Plan Rows": 1000,
            "Plan Width": 96,
            "Plans": [
                {
                    "Async Capable": false,
                    "Inner Unique": false,
                    "Join Type": "Inner",
                    "Node Type": "Nested Loop",
                    "Parallel Aware": false,
                    "Parent Relationship": "Outer",
                    "Plan Rows": 5000938,
                    "Plan Width": 96,
                    "Plans": [
                        {
                            "Alias": "p",
                            "Async Capable": false,
                            "Node Type": "Seq Scan",
                            "Parallel Aware": false,
                            "Parent Relationship": "Outer",
                            "Plan Rows": 5000938,
                            "Plan Width": 58,
                            "Relation Name": "posts",
                            "Startup Cost": 0.0,
                            "Total Cost": 178151.38
                        },
                        {
                            "Alias": "u",
                            "Async Capable": false,
                            "Index Cond": "(id = p.user_id)",
                            "Index Name": "idx_users_user_id",
                            "Node Type": "Index Scan",
                            "Parallel Aware": false,
                            "Parent Relationship": "Inner",
                            "Plan Rows": 1,
                            "Plan Width": 38,
                            "Relation Name": "users",
                            "Scan Direction": "Forward",
                            "Startup Cost": 0.42,
                            "Total Cost": 0.46
                        }
                    ],
                    "Startup Cost": 0.42,
                    "Total Cost": 2518683.82
                }
            ],
            "Startup Cost": 0.42,
            "Total Cost": 504.07
        }
    },
    "WITHOUT_INDEX": {
        "post": {
            "Async Capable": false,
            "Node Type": "Limit",
            "Parallel Aware": false,
            "Plan Rows": 1000,
            "Plan Width": 96,
            "Plans": [
                {
                    "Async Capable": false,
                    "Node Type": "Gather",
                    "Parallel Aware": false,
                    "Parent Relationship": "Outer",
                    "Plan Rows": 5000938,
                    "Plan Width": 96,
                    "Plans": [
                        {
                            "Async Capable": false,
                            "Hash Cond": "(p.user_id = u.id)",
                            "Inner Unique": false,
                            "Join Type": "Inner",
                            "Node Type": "Hash Join",
                            "Parallel Aware": true,
                            "Parent Relationship": "Outer",
                            "Plan Rows": 2083724,
                            "Plan Width": 96,
                            "Plans": [
                                {
                                    "Alias": "p",
                                    "Async Capable": false,
                                    "Node Type": "Seq Scan",
                                    "Parallel Aware": true,
                                    "Parent Relationship": "Outer",
                                    "Plan Rows": 2083724,
                                    "Plan Width": 58,
                                    "Relation Name": "posts",
                                    "Startup Cost": 0.0,
                                    "Total Cost": 148979.24
                                },
                                {
                                    "Async Capable": false,
                                    "Node Type": "Hash",
                                    "Parallel Aware": true,
                                    "Parent Relationship": "Inner",
                                    "Plan Rows": 416667,
                                    "Plan Width": 38,
                                    "Plans": [
                                        {
                                            "Alias": "u",
                                            "Async Capable": false,
                                            "Node Type": "Seq Scan",
                                            "Parallel Aware": true,
                                            "Parent Relationship": "Outer",
                                            "Plan Rows": 416667,
                                            "Plan Width": 38,
                                            "Relation Name": "users",
                                            "Startup Cost": 0.0,
                                            "Total Cost": 20823.67
                                        }
                                    ],
                                    "Startup Cost": 20823.67,
                                    "Total Cost": 20823.67
                                }
                            ],
                            "Startup Cost": 29288.0,
                            "Total Cost": 242787.4
                        }
                    ],
                    "Single Copy": false,
                    "Startup Cost": 30288.0,
                    "Total Cost": 743881.2,
                    "Workers Planned": 2
                }
            ],
            "Startup Cost": 30288.0,
            "Total Cost": 30430.7
        }
    }
}