[
    {
        "QUERY PLAN": [
            {
                "Plan": {
                    "Async Capable": false,
                    "Inner Unique": false,
                    "Join Type": "Inner",
                    "Node Type": "Nested Loop",
                    "Parallel Aware": false,
                    "Plan Rows": 10000000,
                    "Plan Width": 61,
                    "Plans": [
                        {
                            "Alias": "orders",
                            "Async Capable": false,
                            "Node Type": "Seq Scan",
                            "Parallel Aware": false,
                            "Parent Relationship": "Outer",
                            "Plan Rows": 10000,
                            "Plan Width": 22,
                            "Relation Name": "orders",
                            "Startup Cost": 0.0,
                            "Total Cost": 164.0
                        },
                        {
                            "Async Capable": false,
                            "Node Type": "Materialize",
                            "Parallel Aware": false,
                            "Parent Relationship": "Inner",
                            "Plan Rows": 1000,
                            "Plan Width": 39,
                            "Plans": [
                                {
                                    "Alias": "users",
                                    "Async Capable": false,
                                    "Node Type": "Seq Scan",
                                    "Parallel Aware": false,
                                    "Parent Relationship": "Outer",
                                    "Plan Rows": 1000,
                                    "Plan Width": 39,
                                    "Relation Name": "users",
                                    "Startup Cost": 0.0,
                                    "Total Cost": 20.0
                                }
                            ],
                            "Startup Cost": 0.0,
                            "Total Cost": 25.0
                        }
                    ],
                    "Startup Cost": 0.0,
                    "Total Cost": 125186.5
                }
            }
        ]
    }
]